

================================================================
== Vivado HLS Report for 'process_action'
================================================================
* Date:           Thu May 13 19:33:10 2021

* Version:        2019.2 (Build 2704478 on Wed Nov 06 22:10:23 MST 2019)
* Project:        hlsUpperCase_xcvu3p-ffvc1517-2-e
* Solution:       helloworld
* Product family: virtexuplus
* Target device:  xcvu3p-ffvc1517-2-e


================================================================
== Performance Estimates
================================================================
+ Timing: 
    * Summary: 
    +--------+---------+----------+------------+
    |  Clock |  Target | Estimated| Uncertainty|
    +--------+---------+----------+------------+
    |ap_clk  | 5.00 ns | 4.375 ns |   0.62 ns  |
    +--------+---------+----------+------------+

+ Latency: 
    * Summary: 
    +---------+---------+----------+----------+-----+-----+---------+
    |  Latency (cycles) |  Latency (absolute) |  Interval | Pipeline|
    |   min   |   max   |    min   |    max   | min | max |   Type  |
    +---------+---------+----------+----------+-----+-----+---------+
    |        ?|        ?|         ?|         ?|    ?|    ?|   none  |
    +---------+---------+----------+----------+-----+-----+---------+

    + Detail: 
        * Instance: 
        N/A

        * Loop: 
        +-------------------------+---------+---------+----------+-----------+-----------+------+----------+
        |                         |  Latency (cycles) | Iteration|  Initiation Interval  | Trip |          |
        |        Loop Name        |   min   |   max   |  Latency |  achieved |   target  | Count| Pipelined|
        +-------------------------+---------+---------+----------+-----------+-----------+------+----------+
        |- main_loop              |        ?|        ?|       400|          -|          -|     ?|    no    |
        | + uppercase_conversion  |      256|      256|         2|          -|          -|   128|    no    |
        +-------------------------+---------+---------+----------+-----------+-----------+------+----------+



================================================================
== Utilization Estimates
================================================================
* Summary: 
+-----------------+---------+-------+--------+--------+-----+
|       Name      | BRAM_18K| DSP48E|   FF   |   LUT  | URAM|
+-----------------+---------+-------+--------+--------+-----+
|DSP              |        -|      -|       -|       -|    -|
|Expression       |        -|      -|       0|     390|    -|
|FIFO             |        -|      -|       -|       -|    -|
|Instance         |        -|      -|       -|       -|    -|
|Memory           |        1|      -|       0|       0|    0|
|Multiplexer      |        -|      -|       -|    1918|    -|
|Register         |        -|      -|    2787|       -|    -|
+-----------------+---------+-------+--------+--------+-----+
|Total            |        1|      0|    2787|    2308|    0|
+-----------------+---------+-------+--------+--------+-----+
|Available        |     1440|   2280|  788160|  394080|  320|
+-----------------+---------+-------+--------+--------+-----+
|Utilization (%)  |    ~0   |      0|   ~0   |   ~0   |    0|
+-----------------+---------+-------+--------+--------+-----+

+ Detail: 
    * Instance: 
    N/A

    * DSP48E: 
    N/A

    * Memory: 
    +--------+---------------------+---------+---+----+-----+------+-----+------+-------------+
    | Memory |        Module       | BRAM_18K| FF| LUT| URAM| Words| Bits| Banks| W*Bits*Banks|
    +--------+---------------------+---------+---+----+-----+------+-----+------+-------------+
    |text_U  |process_action_text  |        1|  0|   0|    0|   128|    8|     1|         1024|
    +--------+---------------------+---------+---+----+-----+------+-----+------+-------------+
    |Total   |                     |        1|  0|   0|    0|   128|    8|     1|         1024|
    +--------+---------------------+---------+---+----+-----+------+-----+------+-------------+

    * FIFO: 
    N/A

    * Expression: 
    +------------------------------+----------+-------+---+----+------------+------------+
    |         Variable Name        | Operation| DSP48E| FF| LUT| Bitwidth P0| Bitwidth P1|
    +------------------------------+----------+-------+---+----+------------+------------+
    |add_ln55_fu_2033_p2           |     +    |      0|  0|  64|          64|          64|
    |add_ln62_fu_3407_p2           |     +    |      0|  0|   8|           8|           7|
    |add_ln66_fu_3367_p2           |     +    |      0|  0|  64|          64|          64|
    |i_fu_3356_p2                  |     +    |      0|  0|   8|           8|           1|
    |i_idx_2_fu_3377_p2            |     +    |      0|  0|  64|          64|           1|
    |o_idx_2_fu_3383_p2            |     +    |      0|  0|  64|          64|           1|
    |size_fu_3372_p2               |     -    |      0|  0|  32|          32|          32|
    |and_ln61_fu_3401_p2           |    and   |      0|  0|   2|           1|           1|
    |icmp_ln46_fu_2027_p2          |   icmp   |      0|  0|  20|          32|           1|
    |icmp_ln52_fu_3328_p2          |   icmp   |      0|  0|  20|          25|           1|
    |icmp_ln59_fu_3350_p2          |   icmp   |      0|  0|  13|           8|           9|
    |icmp_ln61_1_fu_3395_p2        |   icmp   |      0|  0|  11|           8|           7|
    |icmp_ln61_fu_3389_p2          |   icmp   |      0|  0|  11|           8|           7|
    |bytes_to_transfer_fu_3338_p3  |  select  |      0|  0|   9|           1|           8|
    +------------------------------+----------+-------+---+----+------------+------------+
    |Total                         |          |      0|  0| 390|         387|         204|
    +------------------------------+----------+-------+---+----+------------+------------+

    * Multiplexer: 
    +---------------------+-----+-----------+-----+-----------+
    |         Name        | LUT | Input Size| Bits| Total Bits|
    +---------------------+-----+-----------+-----+-----------+
    |ap_NS_fsm            |  653|        147|    1|        147|
    |din_gmem_V_blk_n_AR  |    9|          2|    1|          2|
    |din_gmem_V_blk_n_AW  |    9|          2|    1|          2|
    |din_gmem_V_blk_n_B   |    9|          2|    1|          2|
    |din_gmem_V_blk_n_R   |    9|          2|    1|          2|
    |din_gmem_V_blk_n_W   |    9|          2|    1|          2|
    |i_0_reg_1980         |    9|          2|    8|         16|
    |i_idx_0_reg_1960     |    9|          2|   64|        128|
    |o_idx_0_reg_1970     |    9|          2|   64|        128|
    |size_0_reg_1950      |    9|          2|   32|         64|
    |text_address0        |  297|         66|    7|        462|
    |text_address1        |  297|         66|    7|        462|
    |text_d0              |  293|         65|    8|        520|
    |text_d1              |  297|         66|    8|        528|
    +---------------------+-----+-----------+-----+-----------+
    |Total                | 1918|        428|  204|       2465|
    +---------------------+-----+-----------+-----+-----------+

    * Register: 
    +-------------------------------+-----+----+-----+-----------+
    |              Name             |  FF | LUT| Bits| Const Bits|
    +-------------------------------+-----+----+-----+-----------+
    |add_ln55_reg_4221              |   64|   0|   64|          0|
    |add_ln66_reg_4891              |   64|   0|   64|          0|
    |ap_CS_fsm                      |  146|   0|  146|          0|
    |din_gmem_V_offset_ca_reg_3563  |   57|   0|   64|          7|
    |dout_gmem_V_offset_c_reg_3558  |   57|   0|   64|          7|
    |i_0_reg_1980                   |    8|   0|    8|          0|
    |i_idx_0_reg_1960               |   64|   0|   64|          0|
    |i_idx_2_reg_4901               |   64|   0|   64|          0|
    |i_reg_4880                     |    8|   0|    8|          0|
    |o_idx_0_reg_1970               |   64|   0|   64|          0|
    |o_idx_2_reg_4906               |   64|   0|   64|          0|
    |size_0_reg_1950                |   32|   0|   32|          0|
    |size_reg_4896                  |   32|   0|   32|          0|
    |text_addr_128_reg_4885         |    7|   0|    7|          0|
    |text_load_100_reg_5414         |    8|   0|    8|          0|
    |text_load_101_reg_5419         |    8|   0|    8|          0|
    |text_load_102_reg_5424         |    8|   0|    8|          0|
    |text_load_103_reg_5429         |    8|   0|    8|          0|
    |text_load_104_reg_5434         |    8|   0|    8|          0|
    |text_load_105_reg_5439         |    8|   0|    8|          0|
    |text_load_106_reg_5444         |    8|   0|    8|          0|
    |text_load_107_reg_5449         |    8|   0|    8|          0|
    |text_load_108_reg_5454         |    8|   0|    8|          0|
    |text_load_109_reg_5459         |    8|   0|    8|          0|
    |text_load_10_reg_4964          |    8|   0|    8|          0|
    |text_load_110_reg_5464         |    8|   0|    8|          0|
    |text_load_111_reg_5469         |    8|   0|    8|          0|
    |text_load_112_reg_5474         |    8|   0|    8|          0|
    |text_load_113_reg_5479         |    8|   0|    8|          0|
    |text_load_114_reg_5484         |    8|   0|    8|          0|
    |text_load_115_reg_5489         |    8|   0|    8|          0|
    |text_load_116_reg_5494         |    8|   0|    8|          0|
    |text_load_117_reg_5499         |    8|   0|    8|          0|
    |text_load_118_reg_5504         |    8|   0|    8|          0|
    |text_load_119_reg_5509         |    8|   0|    8|          0|
    |text_load_11_reg_4969          |    8|   0|    8|          0|
    |text_load_120_reg_5514         |    8|   0|    8|          0|
    |text_load_121_reg_5519         |    8|   0|    8|          0|
    |text_load_122_reg_5524         |    8|   0|    8|          0|
    |text_load_123_reg_5529         |    8|   0|    8|          0|
    |text_load_124_reg_5534         |    8|   0|    8|          0|
    |text_load_125_reg_5539         |    8|   0|    8|          0|
    |text_load_126_reg_5550         |    8|   0|    8|          0|
    |text_load_127_reg_5555         |    8|   0|    8|          0|
    |text_load_12_reg_4974          |    8|   0|    8|          0|
    |text_load_13_reg_4979          |    8|   0|    8|          0|
    |text_load_14_reg_4984          |    8|   0|    8|          0|
    |text_load_15_reg_4989          |    8|   0|    8|          0|
    |text_load_16_reg_4994          |    8|   0|    8|          0|
    |text_load_17_reg_4999          |    8|   0|    8|          0|
    |text_load_18_reg_5004          |    8|   0|    8|          0|
    |text_load_19_reg_5009          |    8|   0|    8|          0|
    |text_load_1_reg_4919           |    8|   0|    8|          0|
    |text_load_20_reg_5014          |    8|   0|    8|          0|
    |text_load_21_reg_5019          |    8|   0|    8|          0|
    |text_load_22_reg_5024          |    8|   0|    8|          0|
    |text_load_23_reg_5029          |    8|   0|    8|          0|
    |text_load_24_reg_5034          |    8|   0|    8|          0|
    |text_load_25_reg_5039          |    8|   0|    8|          0|
    |text_load_26_reg_5044          |    8|   0|    8|          0|
    |text_load_27_reg_5049          |    8|   0|    8|          0|
    |text_load_28_reg_5054          |    8|   0|    8|          0|
    |text_load_29_reg_5059          |    8|   0|    8|          0|
    |text_load_2_reg_4924           |    8|   0|    8|          0|
    |text_load_30_reg_5064          |    8|   0|    8|          0|
    |text_load_31_reg_5069          |    8|   0|    8|          0|
    |text_load_32_reg_5074          |    8|   0|    8|          0|
    |text_load_33_reg_5079          |    8|   0|    8|          0|
    |text_load_34_reg_5084          |    8|   0|    8|          0|
    |text_load_35_reg_5089          |    8|   0|    8|          0|
    |text_load_36_reg_5094          |    8|   0|    8|          0|
    |text_load_37_reg_5099          |    8|   0|    8|          0|
    |text_load_38_reg_5104          |    8|   0|    8|          0|
    |text_load_39_reg_5109          |    8|   0|    8|          0|
    |text_load_3_reg_4929           |    8|   0|    8|          0|
    |text_load_40_reg_5114          |    8|   0|    8|          0|
    |text_load_41_reg_5119          |    8|   0|    8|          0|
    |text_load_42_reg_5124          |    8|   0|    8|          0|
    |text_load_43_reg_5129          |    8|   0|    8|          0|
    |text_load_44_reg_5134          |    8|   0|    8|          0|
    |text_load_45_reg_5139          |    8|   0|    8|          0|
    |text_load_46_reg_5144          |    8|   0|    8|          0|
    |text_load_47_reg_5149          |    8|   0|    8|          0|
    |text_load_48_reg_5154          |    8|   0|    8|          0|
    |text_load_49_reg_5159          |    8|   0|    8|          0|
    |text_load_4_reg_4934           |    8|   0|    8|          0|
    |text_load_50_reg_5164          |    8|   0|    8|          0|
    |text_load_51_reg_5169          |    8|   0|    8|          0|
    |text_load_52_reg_5174          |    8|   0|    8|          0|
    |text_load_53_reg_5179          |    8|   0|    8|          0|
    |text_load_54_reg_5184          |    8|   0|    8|          0|
    |text_load_55_reg_5189          |    8|   0|    8|          0|
    |text_load_56_reg_5194          |    8|   0|    8|          0|
    |text_load_57_reg_5199          |    8|   0|    8|          0|
    |text_load_58_reg_5204          |    8|   0|    8|          0|
    |text_load_59_reg_5209          |    8|   0|    8|          0|
    |text_load_5_reg_4939           |    8|   0|    8|          0|
    |text_load_60_reg_5214          |    8|   0|    8|          0|
    |text_load_61_reg_5219          |    8|   0|    8|          0|
    |text_load_62_reg_5224          |    8|   0|    8|          0|
    |text_load_63_reg_5229          |    8|   0|    8|          0|
    |text_load_64_reg_5234          |    8|   0|    8|          0|
    |text_load_65_reg_5239          |    8|   0|    8|          0|
    |text_load_66_reg_5244          |    8|   0|    8|          0|
    |text_load_67_reg_5249          |    8|   0|    8|          0|
    |text_load_68_reg_5254          |    8|   0|    8|          0|
    |text_load_69_reg_5259          |    8|   0|    8|          0|
    |text_load_6_reg_4944           |    8|   0|    8|          0|
    |text_load_70_reg_5264          |    8|   0|    8|          0|
    |text_load_71_reg_5269          |    8|   0|    8|          0|
    |text_load_72_reg_5274          |    8|   0|    8|          0|
    |text_load_73_reg_5279          |    8|   0|    8|          0|
    |text_load_74_reg_5284          |    8|   0|    8|          0|
    |text_load_75_reg_5289          |    8|   0|    8|          0|
    |text_load_76_reg_5294          |    8|   0|    8|          0|
    |text_load_77_reg_5299          |    8|   0|    8|          0|
    |text_load_78_reg_5304          |    8|   0|    8|          0|
    |text_load_79_reg_5309          |    8|   0|    8|          0|
    |text_load_7_reg_4949           |    8|   0|    8|          0|
    |text_load_80_reg_5314          |    8|   0|    8|          0|
    |text_load_81_reg_5319          |    8|   0|    8|          0|
    |text_load_82_reg_5324          |    8|   0|    8|          0|
    |text_load_83_reg_5329          |    8|   0|    8|          0|
    |text_load_84_reg_5334          |    8|   0|    8|          0|
    |text_load_85_reg_5339          |    8|   0|    8|          0|
    |text_load_86_reg_5344          |    8|   0|    8|          0|
    |text_load_87_reg_5349          |    8|   0|    8|          0|
    |text_load_88_reg_5354          |    8|   0|    8|          0|
    |text_load_89_reg_5359          |    8|   0|    8|          0|
    |text_load_8_reg_4954           |    8|   0|    8|          0|
    |text_load_90_reg_5364          |    8|   0|    8|          0|
    |text_load_91_reg_5369          |    8|   0|    8|          0|
    |text_load_92_reg_5374          |    8|   0|    8|          0|
    |text_load_93_reg_5379          |    8|   0|    8|          0|
    |text_load_94_reg_5384          |    8|   0|    8|          0|
    |text_load_95_reg_5389          |    8|   0|    8|          0|
    |text_load_96_reg_5394          |    8|   0|    8|          0|
    |text_load_97_reg_5399          |    8|   0|    8|          0|
    |text_load_98_reg_5404          |    8|   0|    8|          0|
    |text_load_99_reg_5409          |    8|   0|    8|          0|
    |text_load_9_reg_4959           |    8|   0|    8|          0|
    |text_load_reg_4914             |    8|   0|    8|          0|
    |tmp_100_reg_4737               |    8|   0|    8|          0|
    |tmp_101_reg_4742               |    8|   0|    8|          0|
    |tmp_102_reg_4747               |    8|   0|    8|          0|
    |tmp_103_reg_4752               |    8|   0|    8|          0|
    |tmp_104_reg_4757               |    8|   0|    8|          0|
    |tmp_105_reg_4762               |    8|   0|    8|          0|
    |tmp_106_reg_4767               |    8|   0|    8|          0|
    |tmp_107_reg_4772               |    8|   0|    8|          0|
    |tmp_108_reg_4777               |    8|   0|    8|          0|
    |tmp_109_reg_4782               |    8|   0|    8|          0|
    |tmp_10_reg_4287                |    8|   0|    8|          0|
    |tmp_110_reg_4787               |    8|   0|    8|          0|
    |tmp_111_reg_4792               |    8|   0|    8|          0|
    |tmp_112_reg_4797               |    8|   0|    8|          0|
    |tmp_113_reg_4802               |    8|   0|    8|          0|
    |tmp_114_reg_4807               |    8|   0|    8|          0|
    |tmp_115_reg_4812               |    8|   0|    8|          0|
    |tmp_116_reg_4817               |    8|   0|    8|          0|
    |tmp_117_reg_4822               |    8|   0|    8|          0|
    |tmp_118_reg_4827               |    8|   0|    8|          0|
    |tmp_119_reg_4832               |    8|   0|    8|          0|
    |tmp_11_reg_4292                |    8|   0|    8|          0|
    |tmp_120_reg_4837               |    8|   0|    8|          0|
    |tmp_121_reg_4842               |    8|   0|    8|          0|
    |tmp_122_reg_4847               |    8|   0|    8|          0|
    |tmp_123_reg_4852               |    8|   0|    8|          0|
    |tmp_124_reg_4857               |    8|   0|    8|          0|
    |tmp_125_reg_4862               |    8|   0|    8|          0|
    |tmp_126_reg_4867               |    8|   0|    8|          0|
    |tmp_12_reg_4297                |    8|   0|    8|          0|
    |tmp_13_reg_4302                |    8|   0|    8|          0|
    |tmp_14_reg_4307                |    8|   0|    8|          0|
    |tmp_15_reg_4312                |    8|   0|    8|          0|
    |tmp_16_reg_4317                |    8|   0|    8|          0|
    |tmp_17_reg_4322                |    8|   0|    8|          0|
    |tmp_18_reg_4327                |    8|   0|    8|          0|
    |tmp_19_reg_4332                |    8|   0|    8|          0|
    |tmp_1_reg_4237                 |    8|   0|    8|          0|
    |tmp_20_reg_4337                |    8|   0|    8|          0|
    |tmp_21_reg_4342                |    8|   0|    8|          0|
    |tmp_22_reg_4347                |    8|   0|    8|          0|
    |tmp_23_reg_4352                |    8|   0|    8|          0|
    |tmp_24_reg_4357                |    8|   0|    8|          0|
    |tmp_25_reg_4362                |    8|   0|    8|          0|
    |tmp_26_reg_4367                |    8|   0|    8|          0|
    |tmp_27_reg_4372                |    8|   0|    8|          0|
    |tmp_28_reg_4377                |    8|   0|    8|          0|
    |tmp_29_reg_4382                |    8|   0|    8|          0|
    |tmp_2_reg_4242                 |    8|   0|    8|          0|
    |tmp_30_reg_4387                |    8|   0|    8|          0|
    |tmp_31_reg_4392                |    8|   0|    8|          0|
    |tmp_32_reg_4397                |    8|   0|    8|          0|
    |tmp_33_reg_4402                |    8|   0|    8|          0|
    |tmp_34_reg_4407                |    8|   0|    8|          0|
    |tmp_35_reg_4412                |    8|   0|    8|          0|
    |tmp_36_reg_4417                |    8|   0|    8|          0|
    |tmp_37_reg_4422                |    8|   0|    8|          0|
    |tmp_38_reg_4427                |    8|   0|    8|          0|
    |tmp_39_reg_4432                |    8|   0|    8|          0|
    |tmp_3_reg_4247                 |    8|   0|    8|          0|
    |tmp_40_reg_4437                |    8|   0|    8|          0|
    |tmp_41_reg_4442                |    8|   0|    8|          0|
    |tmp_42_reg_4447                |    8|   0|    8|          0|
    |tmp_43_reg_4452                |    8|   0|    8|          0|
    |tmp_44_reg_4457                |    8|   0|    8|          0|
    |tmp_45_reg_4462                |    8|   0|    8|          0|
    |tmp_46_reg_4467                |    8|   0|    8|          0|
    |tmp_47_reg_4472                |    8|   0|    8|          0|
    |tmp_48_reg_4477                |    8|   0|    8|          0|
    |tmp_49_reg_4482                |    8|   0|    8|          0|
    |tmp_4_reg_4252                 |    8|   0|    8|          0|
    |tmp_50_reg_4487                |    8|   0|    8|          0|
    |tmp_51_reg_4492                |    8|   0|    8|          0|
    |tmp_52_reg_4497                |    8|   0|    8|          0|
    |tmp_53_reg_4502                |    8|   0|    8|          0|
    |tmp_54_reg_4507                |    8|   0|    8|          0|
    |tmp_55_reg_4512                |    8|   0|    8|          0|
    |tmp_56_reg_4517                |    8|   0|    8|          0|
    |tmp_57_reg_4522                |    8|   0|    8|          0|
    |tmp_58_reg_4527                |    8|   0|    8|          0|
    |tmp_59_reg_4532                |    8|   0|    8|          0|
    |tmp_5_reg_4257                 |    8|   0|    8|          0|
    |tmp_60_reg_4537                |    8|   0|    8|          0|
    |tmp_61_reg_4542                |    8|   0|    8|          0|
    |tmp_62_reg_4547                |    8|   0|    8|          0|
    |tmp_63_reg_4552                |    8|   0|    8|          0|
    |tmp_64_reg_4557                |    8|   0|    8|          0|
    |tmp_65_reg_4562                |    8|   0|    8|          0|
    |tmp_66_reg_4567                |    8|   0|    8|          0|
    |tmp_67_reg_4572                |    8|   0|    8|          0|
    |tmp_68_reg_4577                |    8|   0|    8|          0|
    |tmp_69_reg_4582                |    8|   0|    8|          0|
    |tmp_6_reg_4262                 |    8|   0|    8|          0|
    |tmp_70_reg_4587                |    8|   0|    8|          0|
    |tmp_71_reg_4592                |    8|   0|    8|          0|
    |tmp_72_reg_4597                |    8|   0|    8|          0|
    |tmp_73_reg_4602                |    8|   0|    8|          0|
    |tmp_74_reg_4607                |    8|   0|    8|          0|
    |tmp_75_reg_4612                |    8|   0|    8|          0|
    |tmp_76_reg_4617                |    8|   0|    8|          0|
    |tmp_77_reg_4622                |    8|   0|    8|          0|
    |tmp_78_reg_4627                |    8|   0|    8|          0|
    |tmp_79_reg_4632                |    8|   0|    8|          0|
    |tmp_7_reg_4267                 |    8|   0|    8|          0|
    |tmp_80_reg_4637                |    8|   0|    8|          0|
    |tmp_81_reg_4642                |    8|   0|    8|          0|
    |tmp_82_reg_4647                |    8|   0|    8|          0|
    |tmp_83_reg_4652                |    8|   0|    8|          0|
    |tmp_84_reg_4657                |    8|   0|    8|          0|
    |tmp_85_reg_4662                |    8|   0|    8|          0|
    |tmp_86_reg_4667                |    8|   0|    8|          0|
    |tmp_87_reg_4672                |    8|   0|    8|          0|
    |tmp_88_reg_4677                |    8|   0|    8|          0|
    |tmp_89_reg_4682                |    8|   0|    8|          0|
    |tmp_8_reg_4272                 |    8|   0|    8|          0|
    |tmp_90_reg_4687                |    8|   0|    8|          0|
    |tmp_91_reg_4692                |    8|   0|    8|          0|
    |tmp_92_reg_4697                |    8|   0|    8|          0|
    |tmp_93_reg_4702                |    8|   0|    8|          0|
    |tmp_94_reg_4707                |    8|   0|    8|          0|
    |tmp_95_reg_4712                |    8|   0|    8|          0|
    |tmp_96_reg_4717                |    8|   0|    8|          0|
    |tmp_97_reg_4722                |    8|   0|    8|          0|
    |tmp_98_reg_4727                |    8|   0|    8|          0|
    |tmp_99_reg_4732                |    8|   0|    8|          0|
    |tmp_9_reg_4277                 |    8|   0|    8|          0|
    |tmp_s_reg_4282                 |    8|   0|    8|          0|
    |trunc_ln55_reg_4232            |    8|   0|    8|          0|
    |zext_ln52_reg_4872             |    8|   0|   32|         24|
    +-------------------------------+-----+----+-----+-----------+
    |Total                          | 2787|   0| 2825|         38|
    +-------------------------------+-----+----+-----+-----------+



================================================================
== Interface
================================================================
* Summary: 
+---------------------------+-----+------+------------+----------------------+--------------+
|         RTL Ports         | Dir | Bits |  Protocol  |     Source Object    |    C Type    |
+---------------------------+-----+------+------------+----------------------+--------------+
|ap_clk                     |  in |     1| ap_ctrl_hs |    process_action    | return value |
|ap_rst                     |  in |     1| ap_ctrl_hs |    process_action    | return value |
|ap_start                   |  in |     1| ap_ctrl_hs |    process_action    | return value |
|ap_done                    | out |     1| ap_ctrl_hs |    process_action    | return value |
|ap_idle                    | out |     1| ap_ctrl_hs |    process_action    | return value |
|ap_ready                   | out |     1| ap_ctrl_hs |    process_action    | return value |
|m_axi_din_gmem_V_AWVALID   | out |     1|    m_axi   |      din_gmem_V      |    pointer   |
|m_axi_din_gmem_V_AWREADY   |  in |     1|    m_axi   |      din_gmem_V      |    pointer   |
|m_axi_din_gmem_V_AWADDR    | out |    64|    m_axi   |      din_gmem_V      |    pointer   |
|m_axi_din_gmem_V_AWID      | out |     1|    m_axi   |      din_gmem_V      |    pointer   |
|m_axi_din_gmem_V_AWLEN     | out |    32|    m_axi   |      din_gmem_V      |    pointer   |
|m_axi_din_gmem_V_AWSIZE    | out |     3|    m_axi   |      din_gmem_V      |    pointer   |
|m_axi_din_gmem_V_AWBURST   | out |     2|    m_axi   |      din_gmem_V      |    pointer   |
|m_axi_din_gmem_V_AWLOCK    | out |     2|    m_axi   |      din_gmem_V      |    pointer   |
|m_axi_din_gmem_V_AWCACHE   | out |     4|    m_axi   |      din_gmem_V      |    pointer   |
|m_axi_din_gmem_V_AWPROT    | out |     3|    m_axi   |      din_gmem_V      |    pointer   |
|m_axi_din_gmem_V_AWQOS     | out |     4|    m_axi   |      din_gmem_V      |    pointer   |
|m_axi_din_gmem_V_AWREGION  | out |     4|    m_axi   |      din_gmem_V      |    pointer   |
|m_axi_din_gmem_V_AWUSER    | out |     1|    m_axi   |      din_gmem_V      |    pointer   |
|m_axi_din_gmem_V_WVALID    | out |     1|    m_axi   |      din_gmem_V      |    pointer   |
|m_axi_din_gmem_V_WREADY    |  in |     1|    m_axi   |      din_gmem_V      |    pointer   |
|m_axi_din_gmem_V_WDATA     | out |  1024|    m_axi   |      din_gmem_V      |    pointer   |
|m_axi_din_gmem_V_WSTRB     | out |   128|    m_axi   |      din_gmem_V      |    pointer   |
|m_axi_din_gmem_V_WLAST     | out |     1|    m_axi   |      din_gmem_V      |    pointer   |
|m_axi_din_gmem_V_WID       | out |     1|    m_axi   |      din_gmem_V      |    pointer   |
|m_axi_din_gmem_V_WUSER     | out |     1|    m_axi   |      din_gmem_V      |    pointer   |
|m_axi_din_gmem_V_ARVALID   | out |     1|    m_axi   |      din_gmem_V      |    pointer   |
|m_axi_din_gmem_V_ARREADY   |  in |     1|    m_axi   |      din_gmem_V      |    pointer   |
|m_axi_din_gmem_V_ARADDR    | out |    64|    m_axi   |      din_gmem_V      |    pointer   |
|m_axi_din_gmem_V_ARID      | out |     1|    m_axi   |      din_gmem_V      |    pointer   |
|m_axi_din_gmem_V_ARLEN     | out |    32|    m_axi   |      din_gmem_V      |    pointer   |
|m_axi_din_gmem_V_ARSIZE    | out |     3|    m_axi   |      din_gmem_V      |    pointer   |
|m_axi_din_gmem_V_ARBURST   | out |     2|    m_axi   |      din_gmem_V      |    pointer   |
|m_axi_din_gmem_V_ARLOCK    | out |     2|    m_axi   |      din_gmem_V      |    pointer   |
|m_axi_din_gmem_V_ARCACHE   | out |     4|    m_axi   |      din_gmem_V      |    pointer   |
|m_axi_din_gmem_V_ARPROT    | out |     3|    m_axi   |      din_gmem_V      |    pointer   |
|m_axi_din_gmem_V_ARQOS     | out |     4|    m_axi   |      din_gmem_V      |    pointer   |
|m_axi_din_gmem_V_ARREGION  | out |     4|    m_axi   |      din_gmem_V      |    pointer   |
|m_axi_din_gmem_V_ARUSER    | out |     1|    m_axi   |      din_gmem_V      |    pointer   |
|m_axi_din_gmem_V_RVALID    |  in |     1|    m_axi   |      din_gmem_V      |    pointer   |
|m_axi_din_gmem_V_RREADY    | out |     1|    m_axi   |      din_gmem_V      |    pointer   |
|m_axi_din_gmem_V_RDATA     |  in |  1024|    m_axi   |      din_gmem_V      |    pointer   |
|m_axi_din_gmem_V_RLAST     |  in |     1|    m_axi   |      din_gmem_V      |    pointer   |
|m_axi_din_gmem_V_RID       |  in |     1|    m_axi   |      din_gmem_V      |    pointer   |
|m_axi_din_gmem_V_RUSER     |  in |     1|    m_axi   |      din_gmem_V      |    pointer   |
|m_axi_din_gmem_V_RRESP     |  in |     2|    m_axi   |      din_gmem_V      |    pointer   |
|m_axi_din_gmem_V_BVALID    |  in |     1|    m_axi   |      din_gmem_V      |    pointer   |
|m_axi_din_gmem_V_BREADY    | out |     1|    m_axi   |      din_gmem_V      |    pointer   |
|m_axi_din_gmem_V_BRESP     |  in |     2|    m_axi   |      din_gmem_V      |    pointer   |
|m_axi_din_gmem_V_BID       |  in |     1|    m_axi   |      din_gmem_V      |    pointer   |
|m_axi_din_gmem_V_BUSER     |  in |     1|    m_axi   |      din_gmem_V      |    pointer   |
|din_gmem_V_offset          |  in |    57|   ap_none  |   din_gmem_V_offset  |    scalar    |
|dout_gmem_V_offset         |  in |    57|   ap_none  |  dout_gmem_V_offset  |    scalar    |
|act_reg_Data_in_addr       |  in |    64|   ap_none  | act_reg_Data_in_addr |    scalar    |
|act_reg_Data_in_size       |  in |    32|   ap_none  | act_reg_Data_in_size |    scalar    |
|act_reg_Data_out_add       |  in |    64|   ap_none  | act_reg_Data_out_add |    scalar    |
+---------------------------+-----+------+------------+----------------------+--------------+

